<?xml version="1.0" encoding="UTF-8"?>
<!-- Generated by org.testng.reporters.JUnitReportReporter -->
<testsuite hostname="DESKTOP-K7H3A43" failures="0" tests="3" name="com.datadrivenapi.test.TC003_Create_New_RecordInDB" time="3.830" errors="0" timestamp="2022-11-25T18:24:53 GMT" skipped="0">
  <testcase classname="com.datadrivenapi.test.TC003_Create_New_RecordInDB" name="GetResponseBody" time="1.315"/>
  <system-out/>
  <testcase classname="com.datadrivenapi.test.TC003_Create_New_RecordInDB" name="statusLine" time="1.153"/>
  <system-out/>
  <testcase classname="com.datadrivenapi.test.TC003_Create_New_RecordInDB" name="statusCode" time="1.362"/>
  <system-out/>
</testsuite> <!-- com.datadrivenapi.test.TC003_Create_New_RecordInDB -->
